#
# There is insufficient memory for the Java Runtime Environment to continue.
# Native memory allocation (mmap) failed to map 65536 bytes for Failed to commit metaspace.
# Possible reasons:
#   The system is out of physical RAM or swap space
#   The process is running with CompressedOops enabled, and the Java Heap may be blocking the growth of the native heap
# Possible solutions:
#   Reduce memory load on the system
#   Increase physical memory or swap space
#   Check if swap backing store is full
#   Decrease Java heap size (-Xmx/-Xms)
#   Decrease number of Java threads
#   Decrease Java thread stack sizes (-Xss)
#   Set larger code cache with -XX:ReservedCodeCacheSize=
#   JVM is running with Unscaled Compressed Oops mode in which the Java heap is
#     placed in the first 4GB address space. The Java Heap base address is the
#     maximum limit for the native heap growth. Please use -XX:HeapBaseMinAddress
#     to set the Java Heap base and to place the Java Heap above 4GB virtual address.
# This output file may be truncated or incomplete.
#
#  Out of Memory Error (virtualSpaceNode.cpp:108), pid=16532, tid=18076
#
# JRE version:  (16.0.1+9) (build )
# Java VM: Java HotSpot(TM) 64-Bit Server VM (16.0.1+9-24, mixed mode, tiered, compressed oops, compressed class ptrs, g1 gc, windows-amd64)
# No core dump will be written. Minidumps are not enabled by default on client versions of Windows
#

---------------  S U M M A R Y ------------

Command Line: -XX:TieredStopAtLevel=1 -Xverify:none -Dspring.output.ansi.enabled=always -javaagent:C:\Users\noure\AppData\Local\JetBrains\IntelliJ IDEA 2021.1.3\lib\idea_rt.jar=57573:C:\Users\noure\AppData\Local\JetBrains\IntelliJ IDEA 2021.1.3\bin -Dcom.sun.management.jmxremote -Dspring.jmx.enabled=true -Dspring.liveBeansView.mbeanDomain -Dspring.application.admin.enabled=true -Dfile.encoding=UTF-8 com.pdf.example.pdfDocument.PdfDocumentApplication

Host: Intel(R) Core(TM) i5-6300U CPU @ 2.40GHz, 4 cores, 3G,  Windows 10 , 64 bit Build 19041 (10.0.19041.1023)
Time: Sun Aug  8 00:15:19 2021 Afr. centrale Ouest elapsed time: 0.290035 seconds (0d 0h 0m 0s)

---------------  T H R E A D  ---------------

Current thread (0x0000028996b12f10):  JavaThread "Unknown thread" [_thread_in_vm, id=18076, stack(0x000000b64f500000,0x000000b64f600000)]

Stack: [0x000000b64f500000,0x000000b64f600000]
Native frames: (J=compiled Java code, j=interpreted, Vv=VM code, C=native code)
V  [jvm.dll+0x6687ca]
V  [jvm.dll+0x7ca3c9]
V  [jvm.dll+0x7cbb53]
V  [jvm.dll+0x7cc1b3]
V  [jvm.dll+0x242ea5]
V  [jvm.dll+0x7c6a4b]
V  [jvm.dll+0x60e436]
V  [jvm.dll+0x60e49a]
V  [jvm.dll+0x610aca]
V  [jvm.dll+0x60ed31]
V  [jvm.dll+0x24090c]
V  [jvm.dll+0x6bf62d]
V  [jvm.dll+0x6c004f]
V  [jvm.dll+0x367673]
V  [jvm.dll+0x36781e]
V  [jvm.dll+0x79b962]
V  [jvm.dll+0x79d3a2]
V  [jvm.dll+0x360e5a]
V  [jvm.dll+0x77a990]
V  [jvm.dll+0x3e55af]
V  [jvm.dll+0x3e7081]
C  [jli.dll+0x52fb]
C  [ucrtbase.dll+0x21bb2]
C  [KERNEL32.DLL+0x17034]
C  [ntdll.dll+0x52651]


---------------  P R O C E S S  ---------------

Threads class SMR info:
_java_thread_list=0x00007ffd5b1acbb8, length=0, elements={
}

Java Threads: ( => current thread )

Other Threads:
  0x0000028996b41640 GCTaskThread "GC Thread#0" [stack: 0x000000b64f600000,0x000000b64f700000] [id=16100]
  0x0000028996b4b1b0 ConcurrentGCThread "G1 Main Marker" [stack: 0x000000b64f700000,0x000000b64f800000] [id=11196]
  0x0000028996b4c260 ConcurrentGCThread "G1 Conc#0" [stack: 0x000000b64f800000,0x000000b64f900000] [id=1564]
  0x0000028996b9c240 ConcurrentGCThread "G1 Refine#0" [stack: 0x000000b64f900000,0x000000b64fa00000] [id=17688]
  0x0000028996b9cb60 ConcurrentGCThread "G1 Service" [stack: 0x000000b64fa00000,0x000000b64fb00000] [id=2616]

=>0x0000028996b12f10 (exited) JavaThread "Unknown thread" [_thread_in_vm, id=18076, stack(0x000000b64f500000,0x000000b64f600000)]

Threads with active compile tasks:

VM state: not at safepoint (normal execution)

VM Mutex/Monitor currently owned by a thread:  ([mutex/lock_event])
[0x0000028996b03c90] MetaspaceExpand_lock - owner thread: 0x0000028996b12f10

Heap address: 0x00000000c1c00000, size: 996 MB, Compressed Oops mode: 32-bit

CDS disabled.
Compressed class space mapped at: 0x0000000100000000-0x0000000140000000, reserved size: 1073741824
Narrow klass base: 0x0000000000000000, Narrow klass shift: 3, Narrow klass range: 0x140000000

GC Precious Log:
 CPUs: 4 total, 4 available
 Memory: 3976M
 Large Page Support: Disabled
 NUMA Support: Disabled
 Compressed Oops: Enabled (32-bit)
 Heap Region Size: 1M
 Heap Min Capacity: 8M
 Heap Initial Capacity: 64M
 Heap Max Capacity: 996M
 Pre-touch: Disabled
 Parallel Workers: 4
 Concurrent Workers: 1
 Concurrent Refinement Workers: 4
 Periodic GC: Disabled

Heap:
 garbage-first heap   total 65536K, used 0K [0x00000000c1c00000, 0x0000000100000000)
  region size 1024K, 1 young (1024K), 0 survivors (0K)
 Metaspace       used 1311K, committed 1344K, reserved 1056768K
  class space    used 101K, committed 128K, reserved 1048576K

Heap Regions: E=young(eden), S=young(survivor), O=old, HS=humongous(starts), HC=humongous(continues), CS=collection set, F=free, OA=open archive, CA=closed archive, TAMS=top-at-mark-start (previous, next)
|   0|0x00000000c1c00000, 0x00000000c1c00000, 0x00000000c1d00000|  0%| F|  |TAMS 0x00000000c1c00000, 0x00000000c1c00000| Untracked 
|   1|0x00000000c1d00000, 0x00000000c1d00000, 0x00000000c1e00000|  0%| F|  |TAMS 0x00000000c1d00000, 0x00000000c1d00000| Untracked 
|   2|0x00000000c1e00000, 0x00000000c1e00000, 0x00000000c1f00000|  0%| F|  |TAMS 0x00000000c1e00000, 0x00000000c1e00000| Untracked 
|   3|0x00000000c1f00000, 0x00000000c1f00000, 0x00000000c2000000|  0%| F|  |TAMS 0x00000000c1f00000, 0x00000000c1f00000| Untracked 
|   4|0x00000000c2000000, 0x00000000c2000000, 0x00000000c2100000|  0%| F|  |TAMS 0x00000000c2000000, 0x00000000c2000000| Untracked 
|   5|0x00000000c2100000, 0x00000000c2100000, 0x00000000c2200000|  0%| F|  |TAMS 0x00000000c2100000, 0x00000000c2100000| Untracked 
|   6|0x00000000c2200000, 0x00000000c2200000, 0x00000000c2300000|  0%| F|  |TAMS 0x00000000c2200000, 0x00000000c2200000| Untracked 
|   7|0x00000000c2300000, 0x00000000c2300000, 0x00000000c2400000|  0%| F|  |TAMS 0x00000000c2300000, 0x00000000c2300000| Untracked 
|   8|0x00000000c2400000, 0x00000000c2400000, 0x00000000c2500000|  0%| F|  |TAMS 0x00000000c2400000, 0x00000000c2400000| Untracked 
|   9|0x00000000c2500000, 0x00000000c2500000, 0x00000000c2600000|  0%| F|  |TAMS 0x00000000c2500000, 0x00000000c2500000| Untracked 
|  10|0x00000000c2600000, 0x00000000c2600000, 0x00000000c2700000|  0%| F|  |TAMS 0x00000000c2600000, 0x00000000c2600000| Untracked 
|  11|0x00000000c2700000, 0x00000000c2700000, 0x00000000c2800000|  0%| F|  |TAMS 0x00000000c2700000, 0x00000000c2700000| Untracked 
|  12|0x00000000c2800000, 0x00000000c2800000, 0x00000000c2900000|  0%| F|  |TAMS 0x00000000c2800000, 0x00000000c2800000| Untracked 
|  13|0x00000000c2900000, 0x00000000c2900000, 0x00000000c2a00000|  0%| F|  |TAMS 0x00000000c2900000, 0x00000000c2900000| Untracked 
|  14|0x00000000c2a00000, 0x00000000c2a00000, 0x00000000c2b00000|  0%| F|  |TAMS 0x00000000c2a00000, 0x00000000c2a00000| Untracked 
|  15|0x00000000c2b00000, 0x00000000c2b00000, 0x00000000c2c00000|  0%| F|  |TAMS 0x00000000c2b00000, 0x00000000c2b00000| Untracked 
|  16|0x00000000c2c00000, 0x00000000c2c00000, 0x00000000c2d00000|  0%| F|  |TAMS 0x00000000c2c00000, 0x00000000c2c00000| Untracked 
|  17|0x00000000c2d00000, 0x00000000c2d00000, 0x00000000c2e00000|  0%| F|  |TAMS 0x00000000c2d00000, 0x00000000c2d00000| Untracked 
|  18|0x00000000c2e00000, 0x00000000c2e00000, 0x00000000c2f00000|  0%| F|  |TAMS 0x00000000c2e00000, 0x00000000c2e00000| Untracked 
|  19|0x00000000c2f00000, 0x00000000c2f00000, 0x00000000c3000000|  0%| F|  |TAMS 0x00000000c2f00000, 0x00000000c2f00000| Untracked 
|  20|0x00000000c3000000, 0x00000000c3000000, 0x00000000c3100000|  0%| F|  |TAMS 0x00000000c3000000, 0x00000000c3000000| Untracked 
|  21|0x00000000c3100000, 0x00000000c3100000, 0x00000000c3200000|  0%| F|  |TAMS 0x00000000c3100000, 0x00000000c3100000| Untracked 
|  22|0x00000000c3200000, 0x00000000c3200000, 0x00000000c3300000|  0%| F|  |TAMS 0x00000000c3200000, 0x00000000c3200000| Untracked 
|  23|0x00000000c3300000, 0x00000000c3300000, 0x00000000c3400000|  0%| F|  |TAMS 0x00000000c3300000, 0x00000000c3300000| Untracked 
|  24|0x00000000c3400000, 0x00000000c3400000, 0x00000000c3500000|  0%| F|  |TAMS 0x00000000c3400000, 0x00000000c3400000| Untracked 
|  25|0x00000000c3500000, 0x00000000c3500000, 0x00000000c3600000|  0%| F|  |TAMS 0x00000000c3500000, 0x00000000c3500000| Untracked 
|  26|0x00000000c3600000, 0x00000000c3600000, 0x00000000c3700000|  0%| F|  |TAMS 0x00000000c3600000, 0x00000000c3600000| Untracked 
|  27|0x00000000c3700000, 0x00000000c3700000, 0x00000000c3800000|  0%| F|  |TAMS 0x00000000c3700000, 0x00000000c3700000| Untracked 
|  28|0x00000000c3800000, 0x00000000c3800000, 0x00000000c3900000|  0%| F|  |TAMS 0x00000000c3800000, 0x00000000c3800000| Untracked 
|  29|0x00000000c3900000, 0x00000000c3900000, 0x00000000c3a00000|  0%| F|  |TAMS 0x00000000c3900000, 0x00000000c3900000| Untracked 
|  30|0x00000000c3a00000, 0x00000000c3a00000, 0x00000000c3b00000|  0%| F|  |TAMS 0x00000000c3a00000, 0x00000000c3a00000| Untracked 
|  31|0x00000000c3b00000, 0x00000000c3b00000, 0x00000000c3c00000|  0%| F|  |TAMS 0x00000000c3b00000, 0x00000000c3b00000| Untracked 
|  32|0x00000000c3c00000, 0x00000000c3c00000, 0x00000000c3d00000|  0%| F|  |TAMS 0x00000000c3c00000, 0x00000000c3c00000| Untracked 
|  33|0x00000000c3d00000, 0x00000000c3d00000, 0x00000000c3e00000|  0%| F|  |TAMS 0x00000000c3d00000, 0x00000000c3d00000| Untracked 
|  34|0x00000000c3e00000, 0x00000000c3e00000, 0x00000000c3f00000|  0%| F|  |TAMS 0x00000000c3e00000, 0x00000000c3e00000| Untracked 
|  35|0x00000000c3f00000, 0x00000000c3f00000, 0x00000000c4000000|  0%| F|  |TAMS 0x00000000c3f00000, 0x00000000c3f00000| Untracked 
|  36|0x00000000c4000000, 0x00000000c4000000, 0x00000000c4100000|  0%| F|  |TAMS 0x00000000c4000000, 0x00000000c4000000| Untracked 
|  37|0x00000000c4100000, 0x00000000c4100000, 0x00000000c4200000|  0%| F|  |TAMS 0x00000000c4100000, 0x00000000c4100000| Untracked 
|  38|0x00000000c4200000, 0x00000000c4200000, 0x00000000c4300000|  0%| F|  |TAMS 0x00000000c4200000, 0x00000000c4200000| Untracked 
|  39|0x00000000c4300000, 0x00000000c4300000, 0x00000000c4400000|  0%| F|  |TAMS 0x00000000c4300000, 0x00000000c4300000| Untracked 
|  40|0x00000000c4400000, 0x00000000c4400000, 0x00000000c4500000|  0%| F|  |TAMS 0x00000000c4400000, 0x00000000c4400000| Untracked 
|  41|0x00000000c4500000, 0x00000000c4500000, 0x00000000c4600000|  0%| F|  |TAMS 0x00000000c4500000, 0x00000000c4500000| Untracked 
|  42|0x00000000c4600000, 0x00000000c4600000, 0x00000000c4700000|  0%| F|  |TAMS 0x00000000c4600000, 0x00000000c4600000| Untracked 
|  43|0x00000000c4700000, 0x00000000c4700000, 0x00000000c4800000|  0%| F|  |TAMS 0x00000000c4700000, 0x00000000c4700000| Untracked 
|  44|0x00000000c4800000, 0x00000000c4800000, 0x00000000c4900000|  0%| F|  |TAMS 0x00000000c4800000, 0x00000000c4800000| Untracked 
|  45|0x00000000c4900000, 0x00000000c4900000, 0x00000000c4a00000|  0%| F|  |TAMS 0x00000000c4900000, 0x00000000c4900000| Untracked 
|  46|0x00000000c4a00000, 0x00000000c4a00000, 0x00000000c4b00000|  0%| F|  |TAMS 0x00000000c4a00000, 0x00000000c4a00000| Untracked 
|  47|0x00000000c4b00000, 0x00000000c4b00000, 0x00000000c4c00000|  0%| F|  |TAMS 0x00000000c4b00000, 0x00000000c4b00000| Untracked 
|  48|0x00000000c4c00000, 0x00000000c4c00000, 0x00000000c4d00000|  0%| F|  |TAMS 0x00000000c4c00000, 0x00000000c4c00000| Untracked 
|  49|0x00000000c4d00000, 0x00000000c4d00000, 0x00000000c4e00000|  0%| F|  |TAMS 0x00000000c4d00000, 0x00000000c4d00000| Untracked 
|  50|0x00000000c4e00000, 0x00000000c4e00000, 0x00000000c4f00000|  0%| F|  |TAMS 0x00000000c4e00000, 0x00000000c4e00000| Untracked 
|  51|0x00000000c4f00000, 0x00000000c4f00000, 0x00000000c5000000|  0%| F|  |TAMS 0x00000000c4f00000, 0x00000000c4f00000| Untracked 
|  52|0x00000000c5000000, 0x00000000c5000000, 0x00000000c5100000|  0%| F|  |TAMS 0x00000000c5000000, 0x00000000c5000000| Untracked 
|  53|0x00000000c5100000, 0x00000000c5100000, 0x00000000c5200000|  0%| F|  |TAMS 0x00000000c5100000, 0x00000000c5100000| Untracked 
|  54|0x00000000c5200000, 0x00000000c5200000, 0x00000000c5300000|  0%| F|  |TAMS 0x00000000c5200000, 0x00000000c5200000| Untracked 
|  55|0x00000000c5300000, 0x00000000c5300000, 0x00000000c5400000|  0%| F|  |TAMS 0x00000000c5300000, 0x00000000c5300000| Untracked 
|  56|0x00000000c5400000, 0x00000000c5400000, 0x00000000c5500000|  0%| F|  |TAMS 0x00000000c5400000, 0x00000000c5400000| Untracked 
|  57|0x00000000c5500000, 0x00000000c5500000, 0x00000000c5600000|  0%| F|  |TAMS 0x00000000c5500000, 0x00000000c5500000| Untracked 
|  58|0x00000000c5600000, 0x00000000c5600000, 0x00000000c5700000|  0%| F|  |TAMS 0x00000000c5600000, 0x00000000c5600000| Untracked 
|  59|0x00000000c5700000, 0x00000000c5700000, 0x00000000c5800000|  0%| F|  |TAMS 0x00000000c5700000, 0x00000000c5700000| Untracked 
|  60|0x00000000c5800000, 0x00000000c5800000, 0x00000000c5900000|  0%| F|  |TAMS 0x00000000c5800000, 0x00000000c5800000| Untracked 
|  61|0x00000000c5900000, 0x00000000c5900000, 0x00000000c5a00000|  0%| F|  |TAMS 0x00000000c5900000, 0x00000000c5900000| Untracked 
|  62|0x00000000c5a00000, 0x00000000c5a00000, 0x00000000c5b00000|  0%| F|  |TAMS 0x00000000c5a00000, 0x00000000c5a00000| Untracked 
|  63|0x00000000c5b00000, 0x00000000c5b42900, 0x00000000c5c00000| 26%| E|  |TAMS 0x00000000c5b00000, 0x00000000c5b00000| Complete 

Card table byte_map: [0x00000289ad490000,0x00000289ad690000] _byte_map_base: 0x00000289ace82000

Marking Bits (Prev, Next): (CMBitMap*) 0x0000028996b42b60, (CMBitMap*) 0x0000028996b42ba0
 Prev Bits: [0x00000289ad890000, 0x00000289ae820000)
 Next Bits: [0x00000289ae820000, 0x00000289af7b0000)

Polling page: 0x00000289962f0000

Metaspace:

Usage:
  Non-class:      1.18 MB used.
      Class:    101.03 KB used.
       Both:      1.28 MB used.

Virtual space:
  Non-class space:        8.00 MB reserved,       1.19 MB ( 15%) committed,  1 nodes.
      Class space:        1.00 GB reserved,     128.00 KB ( <1%) committed,  1 nodes.
              Both:        1.01 GB reserved,       1.31 MB ( <1%) committed. 

Chunk freelists:
   Non-Class:  0 bytes
       Class:  3.75 MB
        Both:  3.75 MB

MaxMetaspaceSize: 17179869184.00 GB
CompressedClassSpaceSize: 1.00 GB
 - commit_granule_bytes: 65536.
 - commit_granule_words: 8192.
 - virtual_space_node_default_size: 1048576.
 - enlarge_chunks_in_place: 1.
 - new_chunks_are_fully_committed: 0.
 - uncommit_free_chunks: 1.
 - use_allocation_guard: 0.
 - handle_deallocations: 1.


Internal statistics:

num_allocs_failed_limit: 0.
num_arena_births: 2.
num_arena_deaths: 0.
num_vsnodes_births: 2.
num_vsnodes_deaths: 0.
num_space_committed: 21.
num_space_uncommitted: 0.
num_chunks_returned_to_freelist: 0.
num_chunks_taken_from_freelist: 3.
num_chunk_merges: 0.
num_chunk_splits: 1.
num_chunks_enlarged: 0.
num_purges: 0.

CodeHeap 'non-profiled nmethods': size=238912Kb used=0Kb max_used=0Kb free=238912Kb
 bounds [0x000002899e940000, 0x000002899ebb0000, 0x00000289ad290000]
CodeHeap 'non-nmethods': size=6848Kb used=206Kb max_used=316Kb free=6642Kb
 bounds [0x000002899e290000, 0x000002899e500000, 0x000002899e940000]
 total_blobs=60 nmethods=0 adapters=40
 compilation: enabled
              stopped_count=0, restarted_count=0
 full_count=0

Compilation events (0 events):
No events

GC Heap History (0 events):
No events

Deoptimization events (0 events):
No events

Classes unloaded (0 events):
No events

Classes redefined (0 events):
No events

Internal exceptions (0 events):
No events

Events (20 events):
Event: 0.260 loading class java/lang/Long
Event: 0.261 loading class java/lang/Long done
Event: 0.261 loading class java/util/Iterator
Event: 0.261 loading class java/util/Iterator done
Event: 0.261 loading class java/lang/reflect/RecordComponent
Event: 0.261 loading class java/lang/reflect/RecordComponent done
Event: 0.261 loading class jdk/internal/vm/vector/VectorSupport
Event: 0.262 loading class jdk/internal/vm/vector/VectorSupport done
Event: 0.262 loading class jdk/internal/vm/vector/VectorSupport$VectorPayload
Event: 0.262 loading class jdk/internal/vm/vector/VectorSupport$VectorPayload done
Event: 0.262 loading class jdk/internal/vm/vector/VectorSupport$Vector
Event: 0.263 loading class jdk/internal/vm/vector/VectorSupport$Vector done
Event: 0.263 loading class jdk/internal/vm/vector/VectorSupport$VectorMask
Event: 0.263 loading class jdk/internal/vm/vector/VectorSupport$VectorMask done
Event: 0.263 loading class jdk/internal/vm/vector/VectorSupport$VectorShuffle
Event: 0.263 loading class jdk/internal/vm/vector/VectorSupport$VectorShuffle done
Event: 0.280 loading class java/lang/NullPointerException
Event: 0.280 loading class java/lang/NullPointerException done
Event: 0.280 loading class java/lang/ArithmeticException
Event: 0.281 loading class java/lang/ArithmeticException done


Dynamic libraries:
0x00007ff751910000 - 0x00007ff751920000 	C:\Program Files\Java\jdk-16.0.1\bin\java.exe
0x00007ffd8b9b0000 - 0x00007ffd8bba5000 	C:\WINDOWS\SYSTEM32\ntdll.dll
0x00007ffd8a350000 - 0x00007ffd8a40d000 	C:\WINDOWS\System32\KERNEL32.DLL
0x00007ffd89350000 - 0x00007ffd89619000 	C:\WINDOWS\System32\KERNELBASE.dll
0x00007ffd89920000 - 0x00007ffd89a20000 	C:\WINDOWS\System32\ucrtbase.dll
0x00007ffd80260000 - 0x00007ffd80279000 	C:\Program Files\Java\jdk-16.0.1\bin\VCRUNTIME140.dll
0x00007ffd80a10000 - 0x00007ffd80a28000 	C:\Program Files\Java\jdk-16.0.1\bin\jli.dll
0x00007ffd8b7b0000 - 0x00007ffd8b85c000 	C:\WINDOWS\System32\ADVAPI32.dll
0x00007ffd8abc0000 - 0x00007ffd8ac5e000 	C:\WINDOWS\System32\msvcrt.dll
0x00007ffd8b710000 - 0x00007ffd8b7ab000 	C:\WINDOWS\System32\sechost.dll
0x00007ffd8a4f0000 - 0x00007ffd8a61a000 	C:\WINDOWS\System32\RPCRT4.dll
0x00007ffd8b440000 - 0x00007ffd8b5e0000 	C:\WINDOWS\System32\USER32.dll
0x00007ffd89210000 - 0x00007ffd89232000 	C:\WINDOWS\System32\win32u.dll
0x00007ffd8b940000 - 0x00007ffd8b96a000 	C:\WINDOWS\System32\GDI32.dll
0x00007ffd89240000 - 0x00007ffd8934b000 	C:\WINDOWS\System32\gdi32full.dll
0x00007ffd675b0000 - 0x00007ffd6784a000 	C:\WINDOWS\WinSxS\amd64_microsoft.windows.common-controls_6595b64144ccf1df_6.0.19041.1110_none_60b5254171f9507e\COMCTL32.dll
0x00007ffd89880000 - 0x00007ffd8991d000 	C:\WINDOWS\System32\msvcp_win.dll
0x00007ffd79110000 - 0x00007ffd7911a000 	C:\WINDOWS\SYSTEM32\VERSION.dll
0x00007ffd8b3b0000 - 0x00007ffd8b3e0000 	C:\WINDOWS\System32\IMM32.DLL
0x00007ffd87060000 - 0x00007ffd8706c000 	C:\Program Files\Java\jdk-16.0.1\bin\vcruntime140_1.dll
0x00007ffd7d6b0000 - 0x00007ffd7d741000 	C:\Program Files\Java\jdk-16.0.1\bin\msvcp140.dll
0x00007ffd5a6a0000 - 0x00007ffd5b24b000 	C:\Program Files\Java\jdk-16.0.1\bin\server\jvm.dll
0x00007ffd8a620000 - 0x00007ffd8a628000 	C:\WINDOWS\System32\PSAPI.DLL
0x00007ffd818b0000 - 0x00007ffd818b9000 	C:\WINDOWS\SYSTEM32\WSOCK32.dll
0x00007ffd8ad10000 - 0x00007ffd8ad7b000 	C:\WINDOWS\System32\WS2_32.dll
0x00007ffd66590000 - 0x00007ffd665b7000 	C:\WINDOWS\SYSTEM32\WINMM.dll
0x00007ffd879b0000 - 0x00007ffd879c2000 	C:\WINDOWS\SYSTEM32\kernel.appcore.dll
0x00007ffd80950000 - 0x00007ffd8095a000 	C:\Program Files\Java\jdk-16.0.1\bin\jimage.dll
0x00007ffd83570000 - 0x00007ffd83754000 	C:\WINDOWS\SYSTEM32\DBGHELP.DLL
0x00007ffd6e290000 - 0x00007ffd6e2bc000 	C:\WINDOWS\SYSTEM32\dbgcore.DLL
0x00007ffd89180000 - 0x00007ffd89203000 	C:\WINDOWS\System32\bcryptPrimitives.dll
0x00007ffd7fdc0000 - 0x00007ffd7fdce000 	C:\Program Files\Java\jdk-16.0.1\bin\instrument.dll
0x00007ffd80230000 - 0x00007ffd80255000 	C:\Program Files\Java\jdk-16.0.1\bin\java.dll

dbghelp: loaded successfully - version: 4.0.5 - missing functions: none
symbol engine: initialized successfully - sym options: 0x614 - pdb path: .;C:\Program Files\Java\jdk-16.0.1\bin;C:\WINDOWS\SYSTEM32;C:\WINDOWS\WinSxS\amd64_microsoft.windows.common-controls_6595b64144ccf1df_6.0.19041.1110_none_60b5254171f9507e;C:\Program Files\Java\jdk-16.0.1\bin\server

VM Arguments:
jvm_args: -XX:TieredStopAtLevel=1 -Xverify:none -Dspring.output.ansi.enabled=always -javaagent:C:\Users\noure\AppData\Local\JetBrains\IntelliJ IDEA 2021.1.3\lib\idea_rt.jar=57573:C:\Users\noure\AppData\Local\JetBrains\IntelliJ IDEA 2021.1.3\bin -Dcom.sun.management.jmxremote -Dspring.jmx.enabled=true -Dspring.liveBeansView.mbeanDomain -Dspring.application.admin.enabled=true -Dfile.encoding=UTF-8 
java_command: com.pdf.example.pdfDocument.PdfDocumentApplication
java_class_path (initial): C:\Users\noure\Desktop\pdfDocument\target\classes;C:\Users\noure\.m2\repository\com\itextpdf\itextpdf\5.5.13.2\itextpdf-5.5.13.2.jar;C:\Users\noure\.m2\repository\org\springframework\boot\spring-boot-starter-web\2.5.3\spring-boot-starter-web-2.5.3.jar;C:\Users\noure\.m2\repository\org\springframework\boot\spring-boot-starter-json\2.5.3\spring-boot-starter-json-2.5.3.jar;C:\Users\noure\.m2\repository\com\fasterxml\jackson\core\jackson-databind\2.12.4\jackson-databind-2.12.4.jar;C:\Users\noure\.m2\repository\com\fasterxml\jackson\core\jackson-annotations\2.12.4\jackson-annotations-2.12.4.jar;C:\Users\noure\.m2\repository\com\fasterxml\jackson\core\jackson-core\2.12.4\jackson-core-2.12.4.jar;C:\Users\noure\.m2\repository\com\fasterxml\jackson\datatype\jackson-datatype-jdk8\2.12.4\jackson-datatype-jdk8-2.12.4.jar;C:\Users\noure\.m2\repository\com\fasterxml\jackson\datatype\jackson-datatype-jsr310\2.12.4\jackson-datatype-jsr310-2.12.4.jar;C:\Users\noure\.m2\repository\com\fasterxml\jackson\module\jackson-module-parameter-names\2.12.4\jackson-module-parameter-names-2.12.4.jar;C:\Users\noure\.m2\repository\org\springframework\boot\spring-boot-starter-tomcat\2.5.3\spring-boot-starter-tomcat-2.5.3.jar;C:\Users\noure\.m2\repository\org\apache\tomcat\embed\tomcat-embed-core\9.0.50\tomcat-embed-core-9.0.50.jar;C:\Users\noure\.m2\repository\org\apache\tomcat\embed\tomcat-embed-el\9.0.50\tomcat-embed-el-9.0.50.jar;C:\Users\noure\.m2\repository\org\apache\tomcat\embed\tomcat-embed-websocket\9.0.50\tomcat-embed-websocket-9.0.50.jar;C:\Users\noure\.m2\repository\org\springframework\spring-web\5.3.9\spring-web-5.3.9.jar;C:\Users\noure\.m2\repository\org\springframework\spring-beans\5.3.9\spring-beans-5.3.9.jar;C:\Users\noure\.m2\repository\org\springframework\spring-webmvc\5.3.9\spring-webmvc-5.3.9.jar;C:\Users\noure\.m2\repository\org\springframework\spring-aop\5.3.9\spring-aop-5.3.9.jar;C:\Users\noure\.m2\repository\org\springframework\spring-context\5.
Launcher Type: SUN_STANDARD

[Global flags]
     intx CICompilerCount                          = 3                                         {product} {ergonomic}
     uint ConcGCThreads                            = 1                                         {product} {ergonomic}
     uint G1ConcRefinementThreads                  = 4                                         {product} {ergonomic}
   size_t G1HeapRegionSize                         = 1048576                                   {product} {ergonomic}
    uintx GCDrainStackTargetSize                   = 64                                        {product} {ergonomic}
   size_t InitialHeapSize                          = 67108864                                  {product} {ergonomic}
     bool ManagementServer                         = true                                      {product} {command line}
   size_t MarkStackSize                            = 4194304                                   {product} {ergonomic}
   size_t MaxHeapSize                              = 1044381696                                {product} {ergonomic}
   size_t MaxNewSize                               = 625999872                                 {product} {ergonomic}
   size_t MinHeapDeltaBytes                        = 1048576                                   {product} {ergonomic}
   size_t MinHeapSize                              = 8388608                                   {product} {ergonomic}
    uintx NonNMethodCodeHeapSize                   = 6973028                                {pd product} {ergonomic}
    uintx NonProfiledCodeHeapSize                  = 244685212                              {pd product} {ergonomic}
    uintx ProfiledCodeHeapSize                     = 0                                      {pd product} {ergonomic}
    uintx ReservedCodeCacheSize                    = 251658240                              {pd product} {ergonomic}
     bool SegmentedCodeCache                       = true                                      {product} {ergonomic}
   size_t SoftMaxHeapSize                          = 1044381696                             {manageable} {ergonomic}
     intx TieredStopAtLevel                        = 1                                         {product} {command line}
     bool UseCompressedClassPointers               = true                           {product lp64_product} {ergonomic}
     bool UseCompressedOops                        = true                           {product lp64_product} {ergonomic}
     bool UseG1GC                                  = true                                      {product} {ergonomic}
     bool UseLargePagesIndividualAllocation        = false                                  {pd product} {ergonomic}

Logging:
Log output configuration:
 #0: stdout all=warning uptime,level,tags
 #1: stderr all=off uptime,level,tags

Environment Variables:
JAVA_HOME=C:\Program Files\Java\jdk1.8.0_201
PATH=C:\Program Files\Common Files\Oracle\Java\javapath;C:\WINDOWS\system32;C:\WINDOWS;C:\WINDOWS\System32\Wbem;C:\WINDOWS\System32\WindowsPowerShell\v1.0\;C:\WINDOWS\System32\OpenSSH\;C:\src\flutter\bin;C:\Program Files\Java\jdk1.8.0_201\bin;C:\Program Files\Microsoft SQL Server\130\Tools\Binn\;C:\Program Files\nodejs\;C:\Program Files\Git\cmd;C:\Program Files\Git\bin\git.exe;C:\Program Files\Java\jdk-16.0.1\bin;C:\Users\noure\Desktop\Redis;C:\Users\noure\AppData\Local\Programs\Python\Python39\Scripts\;C:\Users\noure\AppData\Local\Programs\Python\Python39\;C:\Users\noure\AppData\Local\Microsoft\WindowsApps;C:\src\flutter\bin;C:\Users\noure\AppData\Local\Programs\MiKTeX 2.9\miktex\bin\x64\;C:\Program Files\JetBrains\PyCharm Community Edition 2020.3\bin;;C:\Users\noure\AppData\Roaming\npm;C:\Program Files\nodejs\node_modules\npm\bin;C:\Users\noure\AppData\Local\GitHubDesktop\bin;C:\Users\noure\AppData\Local\Programs\Microsoft VS Code\bin;C:\Users\noure\AppData\Local\JetBrains\IntelliJ IDEA 2021.1.3\bin;;C:\Program Files\Redis;
USERNAME=Nour
OS=Windows_NT
PROCESSOR_IDENTIFIER=Intel64 Family 6 Model 78 Stepping 3, GenuineIntel



---------------  S Y S T E M  ---------------

OS:
 Windows 10 , 64 bit Build 19041 (10.0.19041.1023)
OS uptime: 8 days 22:55 hours

CPU: total 4 (initial active 4) (2 cores per cpu, 2 threads per core) family 6 model 78 stepping 3 microcode 0xcc, cx8, cmov, fxsr, ht, mmx, 3dnowpref, sse, sse2, sse3, ssse3, sse4.1, sse4.2, popcnt, lzcnt, tsc, tscinvbit, avx, avx2, aes, erms, clmul, bmi1, bmi2, rtm, adx, fma, vzeroupper, clflush, clflushopt

Memory: 4k page, system-wide physical 3976M (114M free)
TotalPageFile size 16264M (AvailPageFile size 21M)
current process WorkingSet (physical memory assigned to process): 14M, peak: 14M
current process commit charge ("private bytes"): 118M, peak: 127M

vm_info: Java HotSpot(TM) 64-Bit Server VM (16.0.1+9-24) for windows-amd64 JRE (16.0.1+9-24), built on Mar 26 2021 19:31:42 by "mach5one" with MS VC++ 16.7 (VS2019)

END.
